Dataset already downloaded.
Dataset already extracted.
Files already downloaded and verified
Files already downloaded and verified
After model and dataloader init:
GPU Memory: 14.38 MB
Epoch 1/100
Robustness Evaluation on ImageNet Easy-10:
→ Mean Confidence: 0.4735
→ Max Confidence: 0.9867
→ Mean Entropy: 1.4472
→ Max Entropy: 2.2042
Robustness Evaluation on cifar_c:
→ Mean Confidence: 0.6145
→ Max Confidence: 0.9996
→ Mean Entropy: 1.0701
→ Max Entropy: 2.2170
Robustness Evaluation on cifar:
→ Mean Confidence: 0.5768
→ Max Confidence: 0.9986
→ Mean Entropy: 1.1518
→ Max Entropy: 2.2219
Train Loss: 314.9455 | Test Acc: 0.5746 | CIFAR-10-C Acc: 0.3683 | Imagenette Acc: 0.0739
Time Taken: 9.36s
Memory Used: 56.86 MB
Peak GPU Memory: 127.94 MB
Epoch 2/100
Robustness Evaluation on ImageNet Easy-10:
→ Mean Confidence: 0.5344
→ Max Confidence: 0.9971
→ Mean Entropy: 1.3057
→ Max Entropy: 2.2180
Robustness Evaluation on cifar_c:
→ Mean Confidence: 0.6717
→ Max Confidence: 0.9998
→ Mean Entropy: 0.9795
→ Max Entropy: 2.2588
Robustness Evaluation on cifar:
→ Mean Confidence: 0.6577
→ Max Confidence: 0.9996
→ Mean Entropy: 0.9584
→ Max Entropy: 2.1994
Train Loss: 221.0158 | Test Acc: 0.6232 | CIFAR-10-C Acc: 0.3474 | Imagenette Acc: 0.0981
Time Taken: 9.19s
Memory Used: -1.52 MB
Peak GPU Memory: 127.94 MB
Epoch 3/100
Robustness Evaluation on ImageNet Easy-10:
→ Mean Confidence: 0.5275
→ Max Confidence: 0.9981
→ Mean Entropy: 1.3235
→ Max Entropy: 2.2083
Robustness Evaluation on cifar_c:
→ Mean Confidence: 0.6827
→ Max Confidence: 0.9998
→ Mean Entropy: 0.9687
→ Max Entropy: 2.2460
Robustness Evaluation on cifar:
→ Mean Confidence: 0.6725
→ Max Confidence: 0.9996
→ Mean Entropy: 0.9303
→ Max Entropy: 2.1804
Train Loss: 184.6473 | Test Acc: 0.6652 | CIFAR-10-C Acc: 0.3196 | Imagenette Acc: 0.0836
Time Taken: 9.19s
Memory Used: 0.00 MB
Peak GPU Memory: 127.94 MB
Epoch 4/100
Robustness Evaluation on ImageNet Easy-10:
→ Mean Confidence: 0.5483
→ Max Confidence: 0.9967
→ Mean Entropy: 1.2855
→ Max Entropy: 2.2124
Robustness Evaluation on cifar_c:
→ Mean Confidence: 0.6254
→ Max Confidence: 0.9997
→ Mean Entropy: 1.1279
→ Max Entropy: 2.2157
Robustness Evaluation on cifar:
→ Mean Confidence: 0.6936
→ Max Confidence: 0.9997
→ Mean Entropy: 0.8815
→ Max Entropy: 2.2142
Train Loss: 160.5578 | Test Acc: 0.7090 | CIFAR-10-C Acc: 0.3549 | Imagenette Acc: 0.0668
Time Taken: 9.22s
Memory Used: 4.05 MB
Peak GPU Memory: 127.94 MB
Epoch 5/100
Robustness Evaluation on ImageNet Easy-10:
→ Mean Confidence: 0.5439
→ Max Confidence: 0.9990
→ Mean Entropy: 1.2885
→ Max Entropy: 2.2034
Robustness Evaluation on cifar_c:
→ Mean Confidence: 0.6570
→ Max Confidence: 0.9999
→ Mean Entropy: 1.0176
→ Max Entropy: 2.2331
Robustness Evaluation on cifar:
→ Mean Confidence: 0.7152
→ Max Confidence: 0.9998
→ Mean Entropy: 0.8262
→ Max Entropy: 2.2417
Train Loss: 147.4692 | Test Acc: 0.7155 | CIFAR-10-C Acc: 0.3022 | Imagenette Acc: 0.0831
Time Taken: 9.21s
Memory Used: -3.54 MB
Peak GPU Memory: 127.94 MB
Epoch 6/100
Robustness Evaluation on ImageNet Easy-10:
→ Mean Confidence: 0.5585
→ Max Confidence: 0.9994
→ Mean Entropy: 1.2578
→ Max Entropy: 2.2180
Robustness Evaluation on cifar_c:
→ Mean Confidence: 0.6370
→ Max Confidence: 0.9998
→ Mean Entropy: 1.0694
→ Max Entropy: 2.2074
Robustness Evaluation on cifar:
→ Mean Confidence: 0.7200
→ Max Confidence: 1.0000
→ Mean Entropy: 0.8082
→ Max Entropy: 2.1350
Train Loss: 138.5554 | Test Acc: 0.7273 | CIFAR-10-C Acc: 0.3505 | Imagenette Acc: 0.0772
Time Taken: 9.28s
Memory Used: 3.04 MB
Peak GPU Memory: 127.94 MB
Epoch 7/100
Robustness Evaluation on ImageNet Easy-10:
→ Mean Confidence: 0.5683
→ Max Confidence: 0.9993
→ Mean Entropy: 1.2158
→ Max Entropy: 2.2039
Robustness Evaluation on cifar_c:
→ Mean Confidence: 0.6265
→ Max Confidence: 0.9997
→ Mean Entropy: 1.0993
→ Max Entropy: 2.1983
Robustness Evaluation on cifar:
→ Mean Confidence: 0.7404
→ Max Confidence: 1.0000
→ Mean Entropy: 0.7536
→ Max Entropy: 2.1335
Train Loss: 134.8521 | Test Acc: 0.7447 | CIFAR-10-C Acc: 0.3890 | Imagenette Acc: 0.0854
Time Taken: 9.23s
Memory Used: -0.51 MB
Peak GPU Memory: 127.94 MB
Epoch 8/100
Robustness Evaluation on ImageNet Easy-10:
→ Mean Confidence: 0.6107
→ Max Confidence: 0.9998
→ Mean Entropy: 1.1097
→ Max Entropy: 2.2199
Robustness Evaluation on cifar_c:
→ Mean Confidence: 0.7409
→ Max Confidence: 1.0000
→ Mean Entropy: 0.7769
→ Max Entropy: 2.1797
Robustness Evaluation on cifar:
→ Mean Confidence: 0.7610
→ Max Confidence: 1.0000
→ Mean Entropy: 0.6878
→ Max Entropy: 2.1750
Train Loss: 132.5122 | Test Acc: 0.7459 | CIFAR-10-C Acc: 0.3052 | Imagenette Acc: 0.0561
Time Taken: 9.22s
Memory Used: -0.51 MB
Peak GPU Memory: 127.94 MB
Epoch 9/100
Robustness Evaluation on ImageNet Easy-10:
→ Mean Confidence: 0.5971
→ Max Confidence: 0.9997
→ Mean Entropy: 1.1428
→ Max Entropy: 2.1793
Robustness Evaluation on cifar_c:
→ Mean Confidence: 0.7077
→ Max Confidence: 0.9999
→ Mean Entropy: 0.8908
→ Max Entropy: 2.2184
Robustness Evaluation on cifar:
→ Mean Confidence: 0.7589
→ Max Confidence: 1.0000
→ Mean Entropy: 0.6935
→ Max Entropy: 2.1816
Train Loss: 131.3977 | Test Acc: 0.7615 | CIFAR-10-C Acc: 0.3302 | Imagenette Acc: 0.0530
Time Taken: 9.22s
Memory Used: -1.01 MB
Peak GPU Memory: 127.94 MB
Epoch 10/100
Robustness Evaluation on ImageNet Easy-10:
→ Mean Confidence: 0.5884
→ Max Confidence: 0.9998
→ Mean Entropy: 1.1535
→ Max Entropy: 2.2155
Robustness Evaluation on cifar_c:
→ Mean Confidence: 0.6624
→ Max Confidence: 1.0000
→ Mean Entropy: 0.9782
→ Max Entropy: 2.1750
Robustness Evaluation on cifar:
→ Mean Confidence: 0.7699
→ Max Confidence: 1.0000
→ Mean Entropy: 0.6584
→ Max Entropy: 2.1689
Train Loss: 130.7195 | Test Acc: 0.7575 | CIFAR-10-C Acc: 0.2999 | Imagenette Acc: 0.0825
Time Taken: 9.23s
Memory Used: -1.01 MB
Peak GPU Memory: 127.94 MB
Epoch 11/100
Robustness Evaluation on ImageNet Easy-10:
→ Mean Confidence: 0.5814
→ Max Confidence: 0.9998
→ Mean Entropy: 1.1795
→ Max Entropy: 2.1567
Robustness Evaluation on cifar_c:
→ Mean Confidence: 0.6662
→ Max Confidence: 1.0000
→ Mean Entropy: 0.9821
→ Max Entropy: 2.2123
Robustness Evaluation on cifar:
→ Mean Confidence: 0.7672
→ Max Confidence: 1.0000
→ Mean Entropy: 0.6694
→ Max Entropy: 2.0876
Train Loss: 130.0858 | Test Acc: 0.7667 | CIFAR-10-C Acc: 0.3548 | Imagenette Acc: 0.0759
Time Taken: 9.26s
Memory Used: -0.51 MB
Peak GPU Memory: 127.94 MB
Epoch 12/100
Robustness Evaluation on ImageNet Easy-10:
→ Mean Confidence: 0.6157
→ Max Confidence: 1.0000
→ Mean Entropy: 1.0876
→ Max Entropy: 2.2311
Robustness Evaluation on cifar_c:
→ Mean Confidence: 0.6493
→ Max Confidence: 1.0000
→ Mean Entropy: 1.0123
→ Max Entropy: 2.1782
Robustness Evaluation on cifar:
→ Mean Confidence: 0.7818
→ Max Confidence: 1.0000
→ Mean Entropy: 0.6331
→ Max Entropy: 2.1552
Train Loss: 129.7477 | Test Acc: 0.7763 | CIFAR-10-C Acc: 0.3646 | Imagenette Acc: 0.0652
Time Taken: 9.33s
Memory Used: 4.05 MB
Peak GPU Memory: 127.94 MB
Epoch 13/100
Robustness Evaluation on ImageNet Easy-10:
→ Mean Confidence: 0.6012
→ Max Confidence: 0.9996
→ Mean Entropy: 1.1248
→ Max Entropy: 2.2287
Robustness Evaluation on cifar_c:
→ Mean Confidence: 0.6597
→ Max Confidence: 0.9998
→ Mean Entropy: 0.9849
→ Max Entropy: 2.1843
Robustness Evaluation on cifar:
→ Mean Confidence: 0.7791
→ Max Confidence: 1.0000
→ Mean Entropy: 0.6327
→ Max Entropy: 2.1725
Train Loss: 129.5936 | Test Acc: 0.7735 | CIFAR-10-C Acc: 0.3471 | Imagenette Acc: 0.0726
Time Taken: 9.22s
Memory Used: -4.05 MB
Peak GPU Memory: 127.94 MB
Epoch 14/100
Robustness Evaluation on ImageNet Easy-10:
→ Mean Confidence: 0.6131
→ Max Confidence: 0.9999
→ Mean Entropy: 1.0793
→ Max Entropy: 2.1734
Robustness Evaluation on cifar_c:
→ Mean Confidence: 0.6838
→ Max Confidence: 1.0000
→ Mean Entropy: 0.9200
→ Max Entropy: 2.1956
Robustness Evaluation on cifar:
→ Mean Confidence: 0.8017
→ Max Confidence: 1.0000
→ Mean Entropy: 0.5687
→ Max Entropy: 2.1527
Train Loss: 129.4265 | Test Acc: 0.7752 | CIFAR-10-C Acc: 0.3554 | Imagenette Acc: 0.0726
Time Taken: 9.27s
Memory Used: 4.05 MB
Peak GPU Memory: 127.94 MB
Epoch 15/100
Robustness Evaluation on ImageNet Easy-10:
→ Mean Confidence: 0.6281
→ Max Confidence: 1.0000
→ Mean Entropy: 1.0568
→ Max Entropy: 2.1884
Robustness Evaluation on cifar_c:
→ Mean Confidence: 0.7009
→ Max Confidence: 1.0000
→ Mean Entropy: 0.9097
→ Max Entropy: 2.2363
Robustness Evaluation on cifar:
→ Mean Confidence: 0.7972
→ Max Confidence: 1.0000
→ Mean Entropy: 0.5892
→ Max Entropy: 2.1845
Train Loss: 129.3156 | Test Acc: 0.7954 | CIFAR-10-C Acc: 0.3459 | Imagenette Acc: 0.0550
Time Taken: 9.26s
Memory Used: -1.01 MB
Peak GPU Memory: 127.94 MB
Epoch 16/100
Robustness Evaluation on ImageNet Easy-10:
→ Mean Confidence: 0.6213
→ Max Confidence: 0.9999
→ Mean Entropy: 1.0697
→ Max Entropy: 2.1693
Robustness Evaluation on cifar_c:
→ Mean Confidence: 0.6923
→ Max Confidence: 1.0000
→ Mean Entropy: 0.8990
→ Max Entropy: 2.2079
Robustness Evaluation on cifar:
→ Mean Confidence: 0.8034
→ Max Confidence: 1.0000
→ Mean Entropy: 0.5668
→ Max Entropy: 2.0869
Train Loss: 129.3236 | Test Acc: 0.7959 | CIFAR-10-C Acc: 0.3669 | Imagenette Acc: 0.0594
Time Taken: 9.27s
Memory Used: -1.52 MB
Peak GPU Memory: 127.94 MB
Epoch 17/100
Robustness Evaluation on ImageNet Easy-10:
→ Mean Confidence: 0.6185
→ Max Confidence: 0.9999
→ Mean Entropy: 1.0834
→ Max Entropy: 2.1899
Robustness Evaluation on cifar_c:
→ Mean Confidence: 0.6564
→ Max Confidence: 0.9999
→ Mean Entropy: 0.9949
→ Max Entropy: 2.1673
Robustness Evaluation on cifar:
→ Mean Confidence: 0.7998
→ Max Confidence: 1.0000
→ Mean Entropy: 0.5725
→ Max Entropy: 2.1454
Train Loss: 129.2206 | Test Acc: 0.7939 | CIFAR-10-C Acc: 0.3798 | Imagenette Acc: 0.0578
Time Taken: 9.27s
Memory Used: 1.01 MB
Peak GPU Memory: 127.94 MB
Epoch 18/100
Robustness Evaluation on ImageNet Easy-10:
→ Mean Confidence: 0.5997
→ Max Confidence: 0.9999
→ Mean Entropy: 1.1277
→ Max Entropy: 2.2171
Robustness Evaluation on cifar_c:
→ Mean Confidence: 0.6767
→ Max Confidence: 1.0000
→ Mean Entropy: 0.9562
→ Max Entropy: 2.1461
Robustness Evaluation on cifar:
→ Mean Confidence: 0.8039
→ Max Confidence: 1.0000
→ Mean Entropy: 0.5688
→ Max Entropy: 2.1217
Train Loss: 129.2274 | Test Acc: 0.8053 | CIFAR-10-C Acc: 0.3884 | Imagenette Acc: 0.0729
Time Taken: 9.27s
Memory Used: 0.00 MB
Peak GPU Memory: 127.94 MB
Epoch 19/100
Robustness Evaluation on ImageNet Easy-10:
→ Mean Confidence: 0.6113
→ Max Confidence: 0.9997
→ Mean Entropy: 1.0952
→ Max Entropy: 2.1960
Robustness Evaluation on cifar_c:
→ Mean Confidence: 0.6698
→ Max Confidence: 0.9999
→ Mean Entropy: 0.9792
→ Max Entropy: 2.2481
Robustness Evaluation on cifar:
→ Mean Confidence: 0.8069
→ Max Confidence: 1.0000
→ Mean Entropy: 0.5612
→ Max Entropy: 2.1564
Train Loss: 129.1346 | Test Acc: 0.8048 | CIFAR-10-C Acc: 0.3864 | Imagenette Acc: 0.0632
Time Taken: 9.24s
Memory Used: -1.01 MB
Peak GPU Memory: 127.94 MB
Epoch 20/100
Robustness Evaluation on ImageNet Easy-10:
→ Mean Confidence: 0.6363
→ Max Confidence: 1.0000
→ Mean Entropy: 1.0207
→ Max Entropy: 2.0971
Robustness Evaluation on cifar_c:
→ Mean Confidence: 0.6272
→ Max Confidence: 1.0000
→ Mean Entropy: 1.0674
→ Max Entropy: 2.1872
Robustness Evaluation on cifar:
→ Mean Confidence: 0.8018
→ Max Confidence: 1.0000
→ Mean Entropy: 0.5712
→ Max Entropy: 2.0930
Train Loss: 129.1423 | Test Acc: 0.8052 | CIFAR-10-C Acc: 0.4407 | Imagenette Acc: 0.0627
Time Taken: 9.22s
Memory Used: -1.52 MB
Peak GPU Memory: 127.94 MB
Epoch 21/100
Robustness Evaluation on ImageNet Easy-10:
→ Mean Confidence: 0.6229
→ Max Confidence: 0.9998
→ Mean Entropy: 1.0678
→ Max Entropy: 2.1940
Robustness Evaluation on cifar_c:
→ Mean Confidence: 0.6456
→ Max Confidence: 1.0000
→ Mean Entropy: 1.0361
→ Max Entropy: 2.1828
Robustness Evaluation on cifar:
→ Mean Confidence: 0.8126
→ Max Confidence: 1.0000
→ Mean Entropy: 0.5445
→ Max Entropy: 2.1501
Train Loss: 129.0373 | Test Acc: 0.8053 | CIFAR-10-C Acc: 0.4333 | Imagenette Acc: 0.0561
Time Taken: 9.22s
Memory Used: 0.00 MB
Peak GPU Memory: 127.94 MB
Epoch 22/100
Robustness Evaluation on ImageNet Easy-10:
→ Mean Confidence: 0.6319
→ Max Confidence: 0.9998
→ Mean Entropy: 1.0403
→ Max Entropy: 2.2058
Robustness Evaluation on cifar_c:
→ Mean Confidence: 0.6209
→ Max Confidence: 0.9999
→ Mean Entropy: 1.0963
→ Max Entropy: 2.2057
Robustness Evaluation on cifar:
→ Mean Confidence: 0.8152
→ Max Confidence: 1.0000
→ Mean Entropy: 0.5336
→ Max Entropy: 2.1298
Train Loss: 129.0264 | Test Acc: 0.8049 | CIFAR-10-C Acc: 0.4556 | Imagenette Acc: 0.0650
Time Taken: 9.22s
Memory Used: 3.04 MB
Peak GPU Memory: 127.94 MB
Epoch 23/100
Robustness Evaluation on ImageNet Easy-10:
→ Mean Confidence: 0.6247
→ Max Confidence: 1.0000
→ Mean Entropy: 1.0522
→ Max Entropy: 2.2473
Robustness Evaluation on cifar_c:
→ Mean Confidence: 0.6529
→ Max Confidence: 0.9999
→ Mean Entropy: 0.9971
→ Max Entropy: 2.1462
Robustness Evaluation on cifar:
→ Mean Confidence: 0.8169
→ Max Confidence: 1.0000
→ Mean Entropy: 0.5292
→ Max Entropy: 2.0580
Train Loss: 128.9311 | Test Acc: 0.8162 | CIFAR-10-C Acc: 0.4102 | Imagenette Acc: 0.0670
Time Taken: 9.26s
Memory Used: 0.00 MB
Peak GPU Memory: 127.94 MB
Epoch 24/100
Robustness Evaluation on ImageNet Easy-10:
→ Mean Confidence: 0.6352
→ Max Confidence: 0.9999
→ Mean Entropy: 1.0253
→ Max Entropy: 2.1760
Robustness Evaluation on cifar_c:
→ Mean Confidence: 0.6750
→ Max Confidence: 1.0000
→ Mean Entropy: 0.9472
→ Max Entropy: 2.1647
Robustness Evaluation on cifar:
→ Mean Confidence: 0.8180
→ Max Confidence: 1.0000
→ Mean Entropy: 0.5281
→ Max Entropy: 2.0849
Train Loss: 128.9669 | Test Acc: 0.8140 | CIFAR-10-C Acc: 0.3699 | Imagenette Acc: 0.0614
Time Taken: 9.23s
Memory Used: 0.00 MB
Peak GPU Memory: 127.94 MB
Epoch 25/100
Robustness Evaluation on ImageNet Easy-10:
→ Mean Confidence: 0.6278
→ Max Confidence: 1.0000
→ Mean Entropy: 1.0429
→ Max Entropy: 2.1750
Robustness Evaluation on cifar_c:
→ Mean Confidence: 0.6981
→ Max Confidence: 1.0000
→ Mean Entropy: 0.8717
→ Max Entropy: 2.1487
Robustness Evaluation on cifar:
→ Mean Confidence: 0.8183
→ Max Confidence: 1.0000
→ Mean Entropy: 0.5224
→ Max Entropy: 2.1310
Train Loss: 128.9167 | Test Acc: 0.8106 | CIFAR-10-C Acc: 0.3393 | Imagenette Acc: 0.0668
Time Taken: 9.27s
Memory Used: 0.00 MB
Peak GPU Memory: 127.94 MB
Epoch 26/100
Robustness Evaluation on ImageNet Easy-10:
→ Mean Confidence: 0.6292
→ Max Confidence: 0.9999
→ Mean Entropy: 1.0491
→ Max Entropy: 2.2064
Robustness Evaluation on cifar_c:
→ Mean Confidence: 0.6763
→ Max Confidence: 1.0000
→ Mean Entropy: 0.9371
→ Max Entropy: 2.1571
Robustness Evaluation on cifar:
→ Mean Confidence: 0.8230
→ Max Confidence: 1.0000
→ Mean Entropy: 0.5146
→ Max Entropy: 2.1185
Train Loss: 128.8473 | Test Acc: 0.8196 | CIFAR-10-C Acc: 0.4046 | Imagenette Acc: 0.0609
Time Taken: 9.24s
Memory Used: 1.01 MB
Peak GPU Memory: 127.94 MB
Epoch 27/100
Robustness Evaluation on ImageNet Easy-10:
→ Mean Confidence: 0.6194
→ Max Confidence: 0.9998
→ Mean Entropy: 1.0634
→ Max Entropy: 2.1591
Robustness Evaluation on cifar_c:
→ Mean Confidence: 0.6403
→ Max Confidence: 1.0000
→ Mean Entropy: 1.0328
→ Max Entropy: 2.1829
Robustness Evaluation on cifar:
→ Mean Confidence: 0.8197
→ Max Confidence: 1.0000
→ Mean Entropy: 0.5194
→ Max Entropy: 2.1173
Train Loss: 128.8633 | Test Acc: 0.8181 | CIFAR-10-C Acc: 0.4129 | Imagenette Acc: 0.0655
Time Taken: 9.29s
Memory Used: -0.51 MB
Peak GPU Memory: 127.94 MB
Epoch 28/100
Robustness Evaluation on ImageNet Easy-10:
→ Mean Confidence: 0.6533
→ Max Confidence: 1.0000
→ Mean Entropy: 0.9768
→ Max Entropy: 2.1479
Robustness Evaluation on cifar_c:
→ Mean Confidence: 0.6515
→ Max Confidence: 1.0000
→ Mean Entropy: 0.9911
→ Max Entropy: 2.2281
Robustness Evaluation on cifar:
→ Mean Confidence: 0.8361
→ Max Confidence: 1.0000
→ Mean Entropy: 0.4728
→ Max Entropy: 2.0349
Train Loss: 128.8141 | Test Acc: 0.8251 | CIFAR-10-C Acc: 0.4323 | Imagenette Acc: 0.0606
Time Taken: 9.27s
Memory Used: -2.53 MB
Peak GPU Memory: 127.94 MB
Epoch 29/100
Robustness Evaluation on ImageNet Easy-10:
→ Mean Confidence: 0.6377
→ Max Confidence: 1.0000
→ Mean Entropy: 1.0195
→ Max Entropy: 2.1891
Robustness Evaluation on cifar_c:
→ Mean Confidence: 0.6818
→ Max Confidence: 1.0000
→ Mean Entropy: 0.9414
→ Max Entropy: 2.1794
Robustness Evaluation on cifar:
→ Mean Confidence: 0.8284
→ Max Confidence: 1.0000
→ Mean Entropy: 0.4938
→ Max Entropy: 2.0427
Train Loss: 128.8804 | Test Acc: 0.8238 | CIFAR-10-C Acc: 0.4288 | Imagenette Acc: 0.0645
Time Taken: 9.25s
Memory Used: 2.02 MB
Peak GPU Memory: 127.94 MB
Epoch 30/100
Robustness Evaluation on ImageNet Easy-10:
→ Mean Confidence: 0.6407
→ Max Confidence: 0.9999
→ Mean Entropy: 1.0179
→ Max Entropy: 2.1786
Robustness Evaluation on cifar_c:
→ Mean Confidence: 0.6748
→ Max Confidence: 0.9999
→ Mean Entropy: 0.9414
→ Max Entropy: 2.1813
Robustness Evaluation on cifar:
→ Mean Confidence: 0.8279
→ Max Confidence: 1.0000
→ Mean Entropy: 0.4980
→ Max Entropy: 2.1095
Train Loss: 128.7211 | Test Acc: 0.8189 | CIFAR-10-C Acc: 0.4181 | Imagenette Acc: 0.0632
Time Taken: 9.26s
Memory Used: -0.51 MB
Peak GPU Memory: 127.94 MB
Epoch 31/100
Robustness Evaluation on ImageNet Easy-10:
→ Mean Confidence: 0.6516
→ Max Confidence: 0.9999
→ Mean Entropy: 0.9780
→ Max Entropy: 2.2037
Robustness Evaluation on cifar_c:
→ Mean Confidence: 0.6666
→ Max Confidence: 1.0000
→ Mean Entropy: 0.9554
→ Max Entropy: 2.1716
Robustness Evaluation on cifar:
→ Mean Confidence: 0.8301
→ Max Confidence: 1.0000
→ Mean Entropy: 0.4884
→ Max Entropy: 2.0736
Train Loss: 128.7125 | Test Acc: 0.8205 | CIFAR-10-C Acc: 0.4425 | Imagenette Acc: 0.0599
Time Taken: 9.22s
Memory Used: -0.51 MB
Peak GPU Memory: 127.94 MB
Epoch 32/100
Robustness Evaluation on ImageNet Easy-10:
→ Mean Confidence: 0.6279
→ Max Confidence: 1.0000
→ Mean Entropy: 1.0452
→ Max Entropy: 2.2485
Robustness Evaluation on cifar_c:
→ Mean Confidence: 0.6821
→ Max Confidence: 1.0000
→ Mean Entropy: 0.9178
→ Max Entropy: 2.1292
Robustness Evaluation on cifar:
→ Mean Confidence: 0.8274
→ Max Confidence: 1.0000
→ Mean Entropy: 0.4956
→ Max Entropy: 2.0674
Train Loss: 128.7752 | Test Acc: 0.8184 | CIFAR-10-C Acc: 0.3866 | Imagenette Acc: 0.0657
Time Taken: 9.24s
Memory Used: -1.52 MB
Peak GPU Memory: 127.94 MB
Epoch 33/100
Robustness Evaluation on ImageNet Easy-10:
→ Mean Confidence: 0.6393
→ Max Confidence: 1.0000
→ Mean Entropy: 1.0204
→ Max Entropy: 2.1522
Robustness Evaluation on cifar_c:
→ Mean Confidence: 0.6638
→ Max Confidence: 1.0000
→ Mean Entropy: 0.9496
→ Max Entropy: 2.1830
Robustness Evaluation on cifar:
→ Mean Confidence: 0.8256
→ Max Confidence: 1.0000
→ Mean Entropy: 0.5023
→ Max Entropy: 2.1327
Train Loss: 128.7739 | Test Acc: 0.8122 | CIFAR-10-C Acc: 0.4186 | Imagenette Acc: 0.0571
Time Taken: 9.23s
Memory Used: -0.51 MB
Peak GPU Memory: 127.94 MB
Epoch 34/100
Robustness Evaluation on ImageNet Easy-10:
→ Mean Confidence: 0.6217
→ Max Confidence: 1.0000
→ Mean Entropy: 1.0539
→ Max Entropy: 2.1454
Robustness Evaluation on cifar_c:
→ Mean Confidence: 0.7081
→ Max Confidence: 1.0000
→ Mean Entropy: 0.8287
→ Max Entropy: 2.1222
Robustness Evaluation on cifar:
→ Mean Confidence: 0.8242
→ Max Confidence: 1.0000
→ Mean Entropy: 0.5062
→ Max Entropy: 2.0953
Train Loss: 128.7508 | Test Acc: 0.8209 | CIFAR-10-C Acc: 0.3490 | Imagenette Acc: 0.0706
Time Taken: 9.20s
Memory Used: 2.02 MB
Peak GPU Memory: 127.94 MB
Epoch 35/100
Robustness Evaluation on ImageNet Easy-10:
→ Mean Confidence: 0.6421
→ Max Confidence: 1.0000
→ Mean Entropy: 1.0063
→ Max Entropy: 2.1481
Robustness Evaluation on cifar_c:
→ Mean Confidence: 0.6412
→ Max Confidence: 1.0000
→ Mean Entropy: 1.0235
→ Max Entropy: 2.2092
Robustness Evaluation on cifar:
→ Mean Confidence: 0.8336
→ Max Confidence: 1.0000
→ Mean Entropy: 0.4811
→ Max Entropy: 2.1483
Train Loss: 128.7365 | Test Acc: 0.8192 | CIFAR-10-C Acc: 0.4135 | Imagenette Acc: 0.0614
Time Taken: 9.26s
Memory Used: -2.02 MB
Peak GPU Memory: 127.94 MB
Epoch 36/100
Robustness Evaluation on ImageNet Easy-10:
→ Mean Confidence: 0.6334
→ Max Confidence: 0.9999
→ Mean Entropy: 1.0286
→ Max Entropy: 2.1783
Robustness Evaluation on cifar_c:
→ Mean Confidence: 0.6507
→ Max Confidence: 1.0000
→ Mean Entropy: 0.9907
→ Max Entropy: 2.1742
Robustness Evaluation on cifar:
→ Mean Confidence: 0.8277
→ Max Confidence: 1.0000
→ Mean Entropy: 0.4984
→ Max Entropy: 2.0754
Train Loss: 128.7345 | Test Acc: 0.8240 | CIFAR-10-C Acc: 0.4327 | Imagenette Acc: 0.0718
Time Taken: 9.22s
Memory Used: 0.51 MB
Peak GPU Memory: 127.94 MB
Epoch 37/100
Robustness Evaluation on ImageNet Easy-10:
→ Mean Confidence: 0.6477
→ Max Confidence: 1.0000
→ Mean Entropy: 0.9885
→ Max Entropy: 2.0948
Robustness Evaluation on cifar_c:
→ Mean Confidence: 0.6769
→ Max Confidence: 1.0000
→ Mean Entropy: 0.9273
→ Max Entropy: 2.1059
Robustness Evaluation on cifar:
→ Mean Confidence: 0.8403
→ Max Confidence: 1.0000
→ Mean Entropy: 0.4615
→ Max Entropy: 2.0638
Train Loss: 128.7447 | Test Acc: 0.8310 | CIFAR-10-C Acc: 0.4224 | Imagenette Acc: 0.0550
Time Taken: 9.19s
Memory Used: -0.51 MB
Peak GPU Memory: 127.94 MB
Epoch 38/100
Robustness Evaluation on ImageNet Easy-10:
→ Mean Confidence: 0.6570
→ Max Confidence: 1.0000
→ Mean Entropy: 0.9700
→ Max Entropy: 2.1756
Robustness Evaluation on cifar_c:
→ Mean Confidence: 0.6736
→ Max Confidence: 1.0000
→ Mean Entropy: 0.9307
→ Max Entropy: 2.1822
Robustness Evaluation on cifar:
→ Mean Confidence: 0.8383
→ Max Confidence: 1.0000
→ Mean Entropy: 0.4662
→ Max Entropy: 2.0331
Train Loss: 128.7697 | Test Acc: 0.8292 | CIFAR-10-C Acc: 0.3926 | Imagenette Acc: 0.0645
Time Taken: 9.24s
Memory Used: 3.54 MB
Peak GPU Memory: 127.94 MB
Epoch 39/100
Robustness Evaluation on ImageNet Easy-10:
→ Mean Confidence: 0.6520
→ Max Confidence: 0.9999
→ Mean Entropy: 0.9706
→ Max Entropy: 2.1536
Robustness Evaluation on cifar_c:
→ Mean Confidence: 0.6835
→ Max Confidence: 1.0000
→ Mean Entropy: 0.8879
→ Max Entropy: 2.1565
Robustness Evaluation on cifar:
→ Mean Confidence: 0.8436
→ Max Confidence: 1.0000
→ Mean Entropy: 0.4496
→ Max Entropy: 2.0621
Train Loss: 128.6620 | Test Acc: 0.8381 | CIFAR-10-C Acc: 0.4212 | Imagenette Acc: 0.0583
Time Taken: 9.27s
Memory Used: -1.01 MB
Peak GPU Memory: 127.94 MB
Epoch 40/100
Robustness Evaluation on ImageNet Easy-10:
→ Mean Confidence: 0.6445
→ Max Confidence: 0.9999
→ Mean Entropy: 1.0039
→ Max Entropy: 2.1667
Robustness Evaluation on cifar_c:
→ Mean Confidence: 0.7004
→ Max Confidence: 1.0000
→ Mean Entropy: 0.8466
→ Max Entropy: 2.1665
Robustness Evaluation on cifar:
→ Mean Confidence: 0.8411
→ Max Confidence: 1.0000
→ Mean Entropy: 0.4587
→ Max Entropy: 2.0683
Train Loss: 128.5833 | Test Acc: 0.8327 | CIFAR-10-C Acc: 0.3384 | Imagenette Acc: 0.0611
Time Taken: 9.20s
Memory Used: -1.01 MB
Peak GPU Memory: 127.94 MB
Epoch 41/100
Robustness Evaluation on ImageNet Easy-10:
→ Mean Confidence: 0.6510
→ Max Confidence: 1.0000
→ Mean Entropy: 0.9761
→ Max Entropy: 2.1594
Robustness Evaluation on cifar_c:
→ Mean Confidence: 0.6763
→ Max Confidence: 1.0000
→ Mean Entropy: 0.9124
→ Max Entropy: 2.1108
Robustness Evaluation on cifar:
→ Mean Confidence: 0.8458
→ Max Confidence: 1.0000
→ Mean Entropy: 0.4428
→ Max Entropy: 2.0593
Train Loss: 128.7738 | Test Acc: 0.8324 | CIFAR-10-C Acc: 0.4390 | Imagenette Acc: 0.0665
Time Taken: 9.27s
Memory Used: 0.51 MB
Peak GPU Memory: 127.94 MB
Epoch 42/100
Robustness Evaluation on ImageNet Easy-10:
→ Mean Confidence: 0.6581
→ Max Confidence: 1.0000
→ Mean Entropy: 0.9630
→ Max Entropy: 2.1722
Robustness Evaluation on cifar_c:
→ Mean Confidence: 0.6549
→ Max Confidence: 1.0000
→ Mean Entropy: 0.9821
→ Max Entropy: 2.1327
Robustness Evaluation on cifar:
→ Mean Confidence: 0.8437
→ Max Confidence: 1.0000
→ Mean Entropy: 0.4533
→ Max Entropy: 2.0360
Train Loss: 128.7619 | Test Acc: 0.8373 | CIFAR-10-C Acc: 0.4472 | Imagenette Acc: 0.0609
Time Taken: 9.22s
Memory Used: 2.02 MB
Peak GPU Memory: 127.94 MB
Epoch 43/100
Robustness Evaluation on ImageNet Easy-10:
→ Mean Confidence: 0.6609
→ Max Confidence: 1.0000
→ Mean Entropy: 0.9512
→ Max Entropy: 2.2082
Robustness Evaluation on cifar_c:
→ Mean Confidence: 0.6863
→ Max Confidence: 1.0000
→ Mean Entropy: 0.8737
→ Max Entropy: 2.0717
Robustness Evaluation on cifar:
→ Mean Confidence: 0.8532
→ Max Confidence: 1.0000
→ Mean Entropy: 0.4242
→ Max Entropy: 2.1636
Train Loss: 128.6287 | Test Acc: 0.8340 | CIFAR-10-C Acc: 0.3751 | Imagenette Acc: 0.0639
Time Taken: 9.23s
Memory Used: 0.00 MB
Peak GPU Memory: 127.94 MB
Epoch 44/100
Robustness Evaluation on ImageNet Easy-10:
→ Mean Confidence: 0.6548
→ Max Confidence: 1.0000
→ Mean Entropy: 0.9758
→ Max Entropy: 2.2320
Robustness Evaluation on cifar_c:
→ Mean Confidence: 0.6865
→ Max Confidence: 1.0000
→ Mean Entropy: 0.8995
→ Max Entropy: 2.1423
Robustness Evaluation on cifar:
→ Mean Confidence: 0.8451
→ Max Confidence: 1.0000
→ Mean Entropy: 0.4498
→ Max Entropy: 2.1194
Train Loss: 128.6892 | Test Acc: 0.8372 | CIFAR-10-C Acc: 0.3830 | Imagenette Acc: 0.0548
Time Taken: 9.22s
Memory Used: -3.54 MB
Peak GPU Memory: 127.94 MB
Epoch 45/100
Robustness Evaluation on ImageNet Easy-10:
→ Mean Confidence: 0.6585
→ Max Confidence: 1.0000
→ Mean Entropy: 0.9568
→ Max Entropy: 2.1104
Robustness Evaluation on cifar_c:
→ Mean Confidence: 0.7051
→ Max Confidence: 1.0000
→ Mean Entropy: 0.8439
→ Max Entropy: 2.1978
Robustness Evaluation on cifar:
→ Mean Confidence: 0.8479
→ Max Confidence: 1.0000
→ Mean Entropy: 0.4388
→ Max Entropy: 2.0498
Train Loss: 128.7346 | Test Acc: 0.8346 | CIFAR-10-C Acc: 0.4021 | Imagenette Acc: 0.0645
Time Taken: 9.23s
Memory Used: 3.54 MB
Peak GPU Memory: 127.94 MB
Epoch 46/100
Robustness Evaluation on ImageNet Easy-10:
→ Mean Confidence: 0.6445
→ Max Confidence: 0.9999
→ Mean Entropy: 1.0000
→ Max Entropy: 2.1889
Robustness Evaluation on cifar_c:
→ Mean Confidence: 0.6791
→ Max Confidence: 1.0000
→ Mean Entropy: 0.9259
→ Max Entropy: 2.1448
Robustness Evaluation on cifar:
→ Mean Confidence: 0.8450
→ Max Confidence: 1.0000
→ Mean Entropy: 0.4498
→ Max Entropy: 2.1253
Train Loss: 128.7190 | Test Acc: 0.8363 | CIFAR-10-C Acc: 0.3781 | Imagenette Acc: 0.0558
Time Taken: 9.28s
Memory Used: -2.02 MB
Peak GPU Memory: 127.94 MB
Epoch 47/100
Robustness Evaluation on ImageNet Easy-10:
→ Mean Confidence: 0.6502
→ Max Confidence: 1.0000
→ Mean Entropy: 0.9801
→ Max Entropy: 2.1738
Robustness Evaluation on cifar_c:
→ Mean Confidence: 0.6755
→ Max Confidence: 1.0000
→ Mean Entropy: 0.8953
→ Max Entropy: 2.0796
Robustness Evaluation on cifar:
→ Mean Confidence: 0.8459
→ Max Confidence: 1.0000
→ Mean Entropy: 0.4432
→ Max Entropy: 2.0535
Train Loss: 128.6536 | Test Acc: 0.8344 | CIFAR-10-C Acc: 0.3886 | Imagenette Acc: 0.0550
Time Taken: 9.26s
Memory Used: 1.52 MB
Peak GPU Memory: 127.94 MB
Epoch 48/100
Robustness Evaluation on ImageNet Easy-10:
→ Mean Confidence: 0.6675
→ Max Confidence: 1.0000
→ Mean Entropy: 0.9354
→ Max Entropy: 2.1288
Robustness Evaluation on cifar_c:
→ Mean Confidence: 0.6723
→ Max Confidence: 1.0000
→ Mean Entropy: 0.9119
→ Max Entropy: 2.0998
Robustness Evaluation on cifar:
→ Mean Confidence: 0.8483
→ Max Confidence: 1.0000
→ Mean Entropy: 0.4389
→ Max Entropy: 2.0994
Train Loss: 128.6591 | Test Acc: 0.8403 | CIFAR-10-C Acc: 0.4003 | Imagenette Acc: 0.0583
Time Taken: 9.26s
Memory Used: -1.01 MB
Peak GPU Memory: 127.94 MB
Epoch 49/100
Robustness Evaluation on ImageNet Easy-10:
→ Mean Confidence: 0.6439
→ Max Confidence: 1.0000
→ Mean Entropy: 0.9915
→ Max Entropy: 2.1968
Robustness Evaluation on cifar_c:
→ Mean Confidence: 0.6761
→ Max Confidence: 1.0000
→ Mean Entropy: 0.9285
→ Max Entropy: 2.2576
Robustness Evaluation on cifar:
→ Mean Confidence: 0.8424
→ Max Confidence: 1.0000
→ Mean Entropy: 0.4522
→ Max Entropy: 2.1232
Train Loss: 128.6742 | Test Acc: 0.8346 | CIFAR-10-C Acc: 0.4526 | Imagenette Acc: 0.0606
Time Taken: 9.31s
Memory Used: -1.52 MB
Peak GPU Memory: 127.94 MB
Epoch 50/100
Robustness Evaluation on ImageNet Easy-10:
→ Mean Confidence: 0.6644
→ Max Confidence: 1.0000
→ Mean Entropy: 0.9468
→ Max Entropy: 2.0965
Robustness Evaluation on cifar_c:
→ Mean Confidence: 0.6924
→ Max Confidence: 1.0000
→ Mean Entropy: 0.8556
→ Max Entropy: 2.0655
Robustness Evaluation on cifar:
→ Mean Confidence: 0.8475
→ Max Confidence: 1.0000
→ Mean Entropy: 0.4424
→ Max Entropy: 2.1718
Train Loss: 128.6411 | Test Acc: 0.8418 | CIFAR-10-C Acc: 0.4062 | Imagenette Acc: 0.0583
Time Taken: 9.33s
Memory Used: 0.00 MB
Peak GPU Memory: 127.94 MB
Epoch 51/100
Robustness Evaluation on ImageNet Easy-10:
→ Mean Confidence: 0.6442
→ Max Confidence: 0.9999
→ Mean Entropy: 0.9921
→ Max Entropy: 2.2129
Robustness Evaluation on cifar_c:
→ Mean Confidence: 0.6899
→ Max Confidence: 1.0000
→ Mean Entropy: 0.8840
→ Max Entropy: 2.1399
Robustness Evaluation on cifar:
→ Mean Confidence: 0.8484
→ Max Confidence: 1.0000
→ Mean Entropy: 0.4387
→ Max Entropy: 2.0898
Train Loss: 128.6923 | Test Acc: 0.8459 | CIFAR-10-C Acc: 0.3986 | Imagenette Acc: 0.0639
Time Taken: 9.23s
Memory Used: 1.01 MB
Peak GPU Memory: 127.94 MB
Epoch 52/100
Robustness Evaluation on ImageNet Easy-10:
→ Mean Confidence: 0.6700
→ Max Confidence: 1.0000
→ Mean Entropy: 0.9211
→ Max Entropy: 2.0307
Robustness Evaluation on cifar_c:
→ Mean Confidence: 0.7564
→ Max Confidence: 1.0000
→ Mean Entropy: 0.6955
→ Max Entropy: 2.0568
Robustness Evaluation on cifar:
→ Mean Confidence: 0.8551
→ Max Confidence: 1.0000
→ Mean Entropy: 0.4168
→ Max Entropy: 2.1264
Train Loss: 128.6741 | Test Acc: 0.8395 | CIFAR-10-C Acc: 0.3243 | Imagenette Acc: 0.0670
Time Taken: 9.25s
Memory Used: 1.01 MB
Peak GPU Memory: 127.94 MB
Epoch 53/100
Robustness Evaluation on ImageNet Easy-10:
→ Mean Confidence: 0.6671
→ Max Confidence: 1.0000
→ Mean Entropy: 0.9379
→ Max Entropy: 2.1205
Robustness Evaluation on cifar_c:
→ Mean Confidence: 0.7397
→ Max Confidence: 1.0000
→ Mean Entropy: 0.7245
→ Max Entropy: 2.0439
Robustness Evaluation on cifar:
→ Mean Confidence: 0.8574
→ Max Confidence: 1.0000
→ Mean Entropy: 0.4132
→ Max Entropy: 2.1115
Train Loss: 128.6220 | Test Acc: 0.8419 | CIFAR-10-C Acc: 0.3474 | Imagenette Acc: 0.0563
Time Taken: 9.42s
Memory Used: -1.01 MB
Peak GPU Memory: 127.94 MB
Epoch 54/100
Robustness Evaluation on ImageNet Easy-10:
→ Mean Confidence: 0.6669
→ Max Confidence: 1.0000
→ Mean Entropy: 0.9358
→ Max Entropy: 2.1129
Robustness Evaluation on cifar_c:
→ Mean Confidence: 0.6965
→ Max Confidence: 1.0000
→ Mean Entropy: 0.8427
→ Max Entropy: 2.0503
Robustness Evaluation on cifar:
→ Mean Confidence: 0.8498
→ Max Confidence: 1.0000
→ Mean Entropy: 0.4343
→ Max Entropy: 2.0410
Train Loss: 128.5866 | Test Acc: 0.8465 | CIFAR-10-C Acc: 0.3908 | Imagenette Acc: 0.0586
Time Taken: 9.24s
Memory Used: 1.01 MB
Peak GPU Memory: 127.94 MB
Epoch 55/100
Robustness Evaluation on ImageNet Easy-10:
→ Mean Confidence: 0.6571
→ Max Confidence: 1.0000
→ Mean Entropy: 0.9519
→ Max Entropy: 2.1574
Robustness Evaluation on cifar_c:
→ Mean Confidence: 0.6971
→ Max Confidence: 1.0000
→ Mean Entropy: 0.8506
→ Max Entropy: 2.1312
Robustness Evaluation on cifar:
→ Mean Confidence: 0.8559
→ Max Confidence: 1.0000
→ Mean Entropy: 0.4139
→ Max Entropy: 2.2056
Train Loss: 128.6536 | Test Acc: 0.8479 | CIFAR-10-C Acc: 0.4459 | Imagenette Acc: 0.0599
Time Taken: 9.22s
Memory Used: 0.00 MB
Peak GPU Memory: 127.94 MB
Epoch 56/100
Robustness Evaluation on ImageNet Easy-10:
→ Mean Confidence: 0.6506
→ Max Confidence: 1.0000
→ Mean Entropy: 0.9778
→ Max Entropy: 2.1670
Robustness Evaluation on cifar_c:
→ Mean Confidence: 0.7238
→ Max Confidence: 1.0000
→ Mean Entropy: 0.7702
→ Max Entropy: 2.1564
Robustness Evaluation on cifar:
→ Mean Confidence: 0.8488
→ Max Confidence: 1.0000
→ Mean Entropy: 0.4340
→ Max Entropy: 2.0246
Train Loss: 128.6067 | Test Acc: 0.8369 | CIFAR-10-C Acc: 0.3253 | Imagenette Acc: 0.0555
Time Taken: 9.23s
Memory Used: -1.52 MB
Peak GPU Memory: 127.94 MB
Epoch 57/100
Robustness Evaluation on ImageNet Easy-10:
→ Mean Confidence: 0.6643
→ Max Confidence: 1.0000
→ Mean Entropy: 0.9489
→ Max Entropy: 2.1194
Robustness Evaluation on cifar_c:
→ Mean Confidence: 0.6851
→ Max Confidence: 1.0000
→ Mean Entropy: 0.8793
→ Max Entropy: 2.1437
Robustness Evaluation on cifar:
→ Mean Confidence: 0.8548
→ Max Confidence: 1.0000
→ Mean Entropy: 0.4230
→ Max Entropy: 2.1773
Train Loss: 128.5920 | Test Acc: 0.8405 | CIFAR-10-C Acc: 0.3842 | Imagenette Acc: 0.0634
Time Taken: 9.24s
Memory Used: 0.51 MB
Peak GPU Memory: 127.94 MB
Epoch 58/100
Robustness Evaluation on ImageNet Easy-10:
→ Mean Confidence: 0.6782
→ Max Confidence: 1.0000
→ Mean Entropy: 0.9047
→ Max Entropy: 2.1422
Robustness Evaluation on cifar_c:
→ Mean Confidence: 0.6775
→ Max Confidence: 1.0000
→ Mean Entropy: 0.8972
→ Max Entropy: 2.1149
Robustness Evaluation on cifar:
→ Mean Confidence: 0.8597
→ Max Confidence: 1.0000
→ Mean Entropy: 0.4060
→ Max Entropy: 2.0628
Train Loss: 128.7032 | Test Acc: 0.8419 | CIFAR-10-C Acc: 0.4151 | Imagenette Acc: 0.0494
Time Taken: 9.26s
Memory Used: -1.01 MB
Peak GPU Memory: 127.94 MB
Epoch 59/100
Robustness Evaluation on ImageNet Easy-10:
→ Mean Confidence: 0.6680
→ Max Confidence: 1.0000
→ Mean Entropy: 0.9290
→ Max Entropy: 2.1514
Robustness Evaluation on cifar_c:
→ Mean Confidence: 0.7266
→ Max Confidence: 1.0000
→ Mean Entropy: 0.7749
→ Max Entropy: 2.1749
Robustness Evaluation on cifar:
→ Mean Confidence: 0.8590
→ Max Confidence: 1.0000
→ Mean Entropy: 0.4077
→ Max Entropy: 2.1222
Train Loss: 128.6170 | Test Acc: 0.8411 | CIFAR-10-C Acc: 0.3127 | Imagenette Acc: 0.0487
Time Taken: 9.25s
Memory Used: 2.53 MB
Peak GPU Memory: 127.94 MB
Epoch 60/100
Robustness Evaluation on ImageNet Easy-10:
→ Mean Confidence: 0.6684
→ Max Confidence: 1.0000
→ Mean Entropy: 0.9266
→ Max Entropy: 2.1807
Robustness Evaluation on cifar_c:
→ Mean Confidence: 0.7140
→ Max Confidence: 1.0000
→ Mean Entropy: 0.8037
→ Max Entropy: 2.1160
Robustness Evaluation on cifar:
→ Mean Confidence: 0.8603
→ Max Confidence: 1.0000
→ Mean Entropy: 0.4021
→ Max Entropy: 2.1238
Train Loss: 128.6243 | Test Acc: 0.8475 | CIFAR-10-C Acc: 0.4022 | Imagenette Acc: 0.0522
Time Taken: 9.32s
Memory Used: -3.04 MB
Peak GPU Memory: 127.94 MB
Epoch 61/100
Robustness Evaluation on ImageNet Easy-10:
→ Mean Confidence: 0.6792
→ Max Confidence: 1.0000
→ Mean Entropy: 0.9005
→ Max Entropy: 2.1600
Robustness Evaluation on cifar_c:
→ Mean Confidence: 0.7148
→ Max Confidence: 1.0000
→ Mean Entropy: 0.7944
→ Max Entropy: 2.1410
Robustness Evaluation on cifar:
→ Mean Confidence: 0.8625
→ Max Confidence: 1.0000
→ Mean Entropy: 0.3947
→ Max Entropy: 2.0818
Train Loss: 128.5748 | Test Acc: 0.8371 | CIFAR-10-C Acc: 0.3875 | Imagenette Acc: 0.0532
Time Taken: 9.29s
Memory Used: 1.52 MB
Peak GPU Memory: 127.94 MB
Epoch 62/100
Robustness Evaluation on ImageNet Easy-10:
→ Mean Confidence: 0.6615
→ Max Confidence: 1.0000
→ Mean Entropy: 0.9478
→ Max Entropy: 2.1309
Robustness Evaluation on cifar_c:
→ Mean Confidence: 0.6985
→ Max Confidence: 1.0000
→ Mean Entropy: 0.8455
→ Max Entropy: 2.1576
Robustness Evaluation on cifar:
→ Mean Confidence: 0.8552
→ Max Confidence: 1.0000
→ Mean Entropy: 0.4182
→ Max Entropy: 2.1238
Train Loss: 128.6437 | Test Acc: 0.8426 | CIFAR-10-C Acc: 0.3985 | Imagenette Acc: 0.0611
Time Taken: 9.23s
Memory Used: -1.52 MB
Peak GPU Memory: 127.94 MB
Epoch 63/100
Robustness Evaluation on ImageNet Easy-10:
→ Mean Confidence: 0.6725
→ Max Confidence: 1.0000
→ Mean Entropy: 0.9176
→ Max Entropy: 2.0990
Robustness Evaluation on cifar_c:
→ Mean Confidence: 0.7107
→ Max Confidence: 1.0000
→ Mean Entropy: 0.8188
→ Max Entropy: 2.0523
Robustness Evaluation on cifar:
→ Mean Confidence: 0.8551
→ Max Confidence: 1.0000
→ Mean Entropy: 0.4137
→ Max Entropy: 2.0887
Train Loss: 128.5685 | Test Acc: 0.8442 | CIFAR-10-C Acc: 0.4030 | Imagenette Acc: 0.0525
Time Taken: 9.32s
Memory Used: -0.51 MB
Peak GPU Memory: 127.94 MB
Epoch 64/100
Robustness Evaluation on ImageNet Easy-10:
→ Mean Confidence: 0.6553
→ Max Confidence: 1.0000
→ Mean Entropy: 0.9575
→ Max Entropy: 2.1077
Robustness Evaluation on cifar_c:
→ Mean Confidence: 0.7026
→ Max Confidence: 1.0000
→ Mean Entropy: 0.8251
→ Max Entropy: 2.0608
Robustness Evaluation on cifar:
→ Mean Confidence: 0.8545
→ Max Confidence: 1.0000
→ Mean Entropy: 0.4176
→ Max Entropy: 2.0868
Train Loss: 128.6527 | Test Acc: 0.8434 | CIFAR-10-C Acc: 0.3197 | Imagenette Acc: 0.0589
Time Taken: 9.21s
Memory Used: 3.04 MB
Peak GPU Memory: 127.94 MB
Epoch 65/100
Robustness Evaluation on ImageNet Easy-10:
→ Mean Confidence: 0.6636
→ Max Confidence: 1.0000
→ Mean Entropy: 0.9417
→ Max Entropy: 2.1506
Robustness Evaluation on cifar_c:
→ Mean Confidence: 0.7147
→ Max Confidence: 1.0000
→ Mean Entropy: 0.7814
→ Max Entropy: 2.0674
Robustness Evaluation on cifar:
→ Mean Confidence: 0.8587
→ Max Confidence: 1.0000
→ Mean Entropy: 0.4058
→ Max Entropy: 2.0230
Train Loss: 128.5540 | Test Acc: 0.8431 | CIFAR-10-C Acc: 0.3236 | Imagenette Acc: 0.0553
Time Taken: 9.26s
Memory Used: 1.01 MB
Peak GPU Memory: 127.94 MB
Epoch 66/100
Robustness Evaluation on ImageNet Easy-10:
→ Mean Confidence: 0.6749
→ Max Confidence: 1.0000
→ Mean Entropy: 0.9061
→ Max Entropy: 2.1447
Robustness Evaluation on cifar_c:
→ Mean Confidence: 0.7030
→ Max Confidence: 1.0000
→ Mean Entropy: 0.8321
→ Max Entropy: 2.0222
Robustness Evaluation on cifar:
→ Mean Confidence: 0.8570
→ Max Confidence: 1.0000
→ Mean Entropy: 0.4143
→ Max Entropy: 2.0714
Train Loss: 128.6176 | Test Acc: 0.8456 | CIFAR-10-C Acc: 0.3737 | Imagenette Acc: 0.0583
Time Taken: 9.27s
Memory Used: 0.00 MB
Peak GPU Memory: 127.94 MB
Epoch 67/100
Robustness Evaluation on ImageNet Easy-10:
→ Mean Confidence: 0.6685
→ Max Confidence: 1.0000
→ Mean Entropy: 0.9304
→ Max Entropy: 2.1056
Robustness Evaluation on cifar_c:
→ Mean Confidence: 0.7021
→ Max Confidence: 1.0000
→ Mean Entropy: 0.8223
→ Max Entropy: 2.0745
Robustness Evaluation on cifar:
→ Mean Confidence: 0.8556
→ Max Confidence: 1.0000
→ Mean Entropy: 0.4162
→ Max Entropy: 2.0133
Train Loss: 128.6035 | Test Acc: 0.8505 | CIFAR-10-C Acc: 0.2903 | Imagenette Acc: 0.0563
Time Taken: 9.28s
Memory Used: -3.04 MB
Peak GPU Memory: 127.94 MB
Epoch 68/100
Robustness Evaluation on ImageNet Easy-10:
→ Mean Confidence: 0.6619
→ Max Confidence: 1.0000
→ Mean Entropy: 0.9419
→ Max Entropy: 2.1400
Robustness Evaluation on cifar_c:
→ Mean Confidence: 0.7585
→ Max Confidence: 1.0000
→ Mean Entropy: 0.6911
→ Max Entropy: 2.0712
Robustness Evaluation on cifar:
→ Mean Confidence: 0.8578
→ Max Confidence: 1.0000
→ Mean Entropy: 0.4111
→ Max Entropy: 2.0878
Train Loss: 128.6099 | Test Acc: 0.8432 | CIFAR-10-C Acc: 0.2899 | Imagenette Acc: 0.0568
Time Taken: 9.27s
Memory Used: 2.53 MB
Peak GPU Memory: 127.94 MB
Epoch 69/100
Robustness Evaluation on ImageNet Easy-10:
→ Mean Confidence: 0.6720
→ Max Confidence: 1.0000
→ Mean Entropy: 0.9171
→ Max Entropy: 2.1335
Robustness Evaluation on cifar_c:
→ Mean Confidence: 0.7257
→ Max Confidence: 1.0000
→ Mean Entropy: 0.7689
→ Max Entropy: 2.1169
Robustness Evaluation on cifar:
→ Mean Confidence: 0.8607
→ Max Confidence: 1.0000
→ Mean Entropy: 0.3989
→ Max Entropy: 1.9678
Train Loss: 128.6332 | Test Acc: 0.8495 | CIFAR-10-C Acc: 0.3803 | Imagenette Acc: 0.0512
Time Taken: 9.32s
Memory Used: 0.00 MB
Peak GPU Memory: 127.94 MB
Epoch 70/100
Robustness Evaluation on ImageNet Easy-10:
→ Mean Confidence: 0.6589
→ Max Confidence: 1.0000
→ Mean Entropy: 0.9496
→ Max Entropy: 2.1426
Robustness Evaluation on cifar_c:
→ Mean Confidence: 0.6976
→ Max Confidence: 1.0000
→ Mean Entropy: 0.8572
→ Max Entropy: 2.0900
Robustness Evaluation on cifar:
→ Mean Confidence: 0.8601
→ Max Confidence: 1.0000
→ Mean Entropy: 0.4011
→ Max Entropy: 1.9689
Train Loss: 128.6462 | Test Acc: 0.8468 | CIFAR-10-C Acc: 0.3872 | Imagenette Acc: 0.0634
Time Taken: 9.32s
Memory Used: -3.54 MB
Peak GPU Memory: 127.94 MB
Epoch 71/100
Robustness Evaluation on ImageNet Easy-10:
→ Mean Confidence: 0.6746
→ Max Confidence: 1.0000
→ Mean Entropy: 0.9057
→ Max Entropy: 2.0788
Robustness Evaluation on cifar_c:
→ Mean Confidence: 0.6894
→ Max Confidence: 1.0000
→ Mean Entropy: 0.8726
→ Max Entropy: 2.1037
Robustness Evaluation on cifar:
→ Mean Confidence: 0.8628
→ Max Confidence: 1.0000
→ Mean Entropy: 0.3920
→ Max Entropy: 2.0634
Train Loss: 128.5709 | Test Acc: 0.8479 | CIFAR-10-C Acc: 0.4299 | Imagenette Acc: 0.0512
Time Taken: 9.26s
Memory Used: 1.01 MB
Peak GPU Memory: 127.94 MB
Epoch 72/100
Robustness Evaluation on ImageNet Easy-10:
→ Mean Confidence: 0.6597
→ Max Confidence: 1.0000
→ Mean Entropy: 0.9391
→ Max Entropy: 2.1724
Robustness Evaluation on cifar_c:
→ Mean Confidence: 0.7034
→ Max Confidence: 1.0000
→ Mean Entropy: 0.8363
→ Max Entropy: 2.0722
Robustness Evaluation on cifar:
→ Mean Confidence: 0.8619
→ Max Confidence: 1.0000
→ Mean Entropy: 0.3973
→ Max Entropy: 2.0835
Train Loss: 128.6124 | Test Acc: 0.8490 | CIFAR-10-C Acc: 0.4102 | Imagenette Acc: 0.0634
Time Taken: 9.26s
Memory Used: 0.51 MB
Peak GPU Memory: 127.94 MB
Epoch 73/100
Robustness Evaluation on ImageNet Easy-10:
→ Mean Confidence: 0.6699
→ Max Confidence: 1.0000
→ Mean Entropy: 0.9126
→ Max Entropy: 2.1778
Robustness Evaluation on cifar_c:
→ Mean Confidence: 0.6843
→ Max Confidence: 1.0000
→ Mean Entropy: 0.8497
→ Max Entropy: 2.0927
Robustness Evaluation on cifar:
→ Mean Confidence: 0.8663
→ Max Confidence: 1.0000
→ Mean Entropy: 0.3845
→ Max Entropy: 1.9338
Train Loss: 128.5523 | Test Acc: 0.8483 | CIFAR-10-C Acc: 0.3389 | Imagenette Acc: 0.0583
Time Taken: 9.27s
Memory Used: 1.52 MB
Peak GPU Memory: 127.94 MB
Epoch 74/100
Robustness Evaluation on ImageNet Easy-10:
→ Mean Confidence: 0.6837
→ Max Confidence: 1.0000
→ Mean Entropy: 0.8880
→ Max Entropy: 2.1514
Robustness Evaluation on cifar_c:
→ Mean Confidence: 0.7173
→ Max Confidence: 1.0000
→ Mean Entropy: 0.7839
→ Max Entropy: 2.1452
Robustness Evaluation on cifar:
→ Mean Confidence: 0.8660
→ Max Confidence: 1.0000
→ Mean Entropy: 0.3859
→ Max Entropy: 2.0278
Train Loss: 128.5842 | Test Acc: 0.8531 | CIFAR-10-C Acc: 0.3653 | Imagenette Acc: 0.0497
Time Taken: 9.32s
Memory Used: 1.01 MB
Peak GPU Memory: 127.94 MB
Epoch 75/100
Robustness Evaluation on ImageNet Easy-10:
→ Mean Confidence: 0.6759
→ Max Confidence: 1.0000
→ Mean Entropy: 0.8980
→ Max Entropy: 2.1303
Robustness Evaluation on cifar_c:
→ Mean Confidence: 0.7254
→ Max Confidence: 1.0000
→ Mean Entropy: 0.7770
→ Max Entropy: 2.1188
Robustness Evaluation on cifar:
→ Mean Confidence: 0.8654
→ Max Confidence: 1.0000
→ Mean Entropy: 0.3851
→ Max Entropy: 2.0230
Train Loss: 128.5756 | Test Acc: 0.8454 | CIFAR-10-C Acc: 0.3501 | Imagenette Acc: 0.0543
Time Taken: 9.24s
Memory Used: 0.00 MB
Peak GPU Memory: 127.94 MB
Epoch 76/100
Robustness Evaluation on ImageNet Easy-10:
→ Mean Confidence: 0.6663
→ Max Confidence: 1.0000
→ Mean Entropy: 0.9266
→ Max Entropy: 2.1359
Robustness Evaluation on cifar_c:
→ Mean Confidence: 0.6829
→ Max Confidence: 1.0000
→ Mean Entropy: 0.8604
→ Max Entropy: 2.1134
Robustness Evaluation on cifar:
→ Mean Confidence: 0.8656
→ Max Confidence: 1.0000
→ Mean Entropy: 0.3872
→ Max Entropy: 2.0614
Train Loss: 128.6137 | Test Acc: 0.8499 | CIFAR-10-C Acc: 0.3396 | Imagenette Acc: 0.0652
Time Taken: 9.22s
Memory Used: -1.52 MB
Peak GPU Memory: 127.94 MB
Epoch 77/100
Robustness Evaluation on ImageNet Easy-10:
→ Mean Confidence: 0.6691
→ Max Confidence: 1.0000
→ Mean Entropy: 0.9225
→ Max Entropy: 2.1067
Robustness Evaluation on cifar_c:
→ Mean Confidence: 0.6923
→ Max Confidence: 1.0000
→ Mean Entropy: 0.8522
→ Max Entropy: 2.1221
Robustness Evaluation on cifar:
→ Mean Confidence: 0.8669
→ Max Confidence: 1.0000
→ Mean Entropy: 0.3819
→ Max Entropy: 1.9569
Train Loss: 128.5230 | Test Acc: 0.8526 | CIFAR-10-C Acc: 0.4026 | Imagenette Acc: 0.0634
Time Taken: 9.19s
Memory Used: -1.01 MB
Peak GPU Memory: 127.94 MB
Epoch 78/100
Robustness Evaluation on ImageNet Easy-10:
→ Mean Confidence: 0.6956
→ Max Confidence: 1.0000
→ Mean Entropy: 0.8563
→ Max Entropy: 2.1160
Robustness Evaluation on cifar_c:
→ Mean Confidence: 0.7227
→ Max Confidence: 1.0000
→ Mean Entropy: 0.7903
→ Max Entropy: 2.0736
Robustness Evaluation on cifar:
→ Mean Confidence: 0.8691
→ Max Confidence: 1.0000
→ Mean Entropy: 0.3739
→ Max Entropy: 2.0259
Train Loss: 128.5225 | Test Acc: 0.8394 | CIFAR-10-C Acc: 0.3863 | Imagenette Acc: 0.0571
Time Taken: 9.21s
Memory Used: -1.52 MB
Peak GPU Memory: 127.94 MB
Epoch 79/100
Robustness Evaluation on ImageNet Easy-10:
→ Mean Confidence: 0.6731
→ Max Confidence: 1.0000
→ Mean Entropy: 0.9152
→ Max Entropy: 2.1432
Robustness Evaluation on cifar_c:
→ Mean Confidence: 0.7178
→ Max Confidence: 1.0000
→ Mean Entropy: 0.8011
→ Max Entropy: 2.0898
Robustness Evaluation on cifar:
→ Mean Confidence: 0.8677
→ Max Confidence: 1.0000
→ Mean Entropy: 0.3798
→ Max Entropy: 1.9658
Train Loss: 128.6289 | Test Acc: 0.8529 | CIFAR-10-C Acc: 0.3453 | Imagenette Acc: 0.0568
Time Taken: 9.25s
Memory Used: 3.54 MB
Peak GPU Memory: 127.94 MB
Epoch 80/100
Robustness Evaluation on ImageNet Easy-10:
→ Mean Confidence: 0.6704
→ Max Confidence: 1.0000
→ Mean Entropy: 0.9207
→ Max Entropy: 2.1147
Robustness Evaluation on cifar_c:
→ Mean Confidence: 0.7385
→ Max Confidence: 1.0000
→ Mean Entropy: 0.7446
→ Max Entropy: 2.0006
Robustness Evaluation on cifar:
→ Mean Confidence: 0.8646
→ Max Confidence: 1.0000
→ Mean Entropy: 0.3881
→ Max Entropy: 2.1414
Train Loss: 128.6145 | Test Acc: 0.8500 | CIFAR-10-C Acc: 0.4066 | Imagenette Acc: 0.0563
Time Taken: 9.24s
Memory Used: -3.04 MB
Peak GPU Memory: 127.94 MB
Epoch 81/100
Robustness Evaluation on ImageNet Easy-10:
→ Mean Confidence: 0.6718
→ Max Confidence: 1.0000
→ Mean Entropy: 0.9116
→ Max Entropy: 2.1493
Robustness Evaluation on cifar_c:
→ Mean Confidence: 0.7186
→ Max Confidence: 1.0000
→ Mean Entropy: 0.7892
→ Max Entropy: 2.0700
Robustness Evaluation on cifar:
→ Mean Confidence: 0.8659
→ Max Confidence: 1.0000
→ Mean Entropy: 0.3858
→ Max Entropy: 1.9520
Train Loss: 128.5117 | Test Acc: 0.8487 | CIFAR-10-C Acc: 0.3822 | Imagenette Acc: 0.0497
Time Taken: 9.20s
Memory Used: 3.04 MB
Peak GPU Memory: 127.94 MB
Epoch 82/100
Robustness Evaluation on ImageNet Easy-10:
→ Mean Confidence: 0.6776
→ Max Confidence: 1.0000
→ Mean Entropy: 0.8937
→ Max Entropy: 2.1312
Robustness Evaluation on cifar_c:
→ Mean Confidence: 0.7183
→ Max Confidence: 1.0000
→ Mean Entropy: 0.7956
→ Max Entropy: 2.0439
Robustness Evaluation on cifar:
→ Mean Confidence: 0.8712
→ Max Confidence: 1.0000
→ Mean Entropy: 0.3691
→ Max Entropy: 1.9548
Train Loss: 128.5846 | Test Acc: 0.8504 | CIFAR-10-C Acc: 0.3588 | Imagenette Acc: 0.0634
Time Taken: 9.24s
Memory Used: 0.51 MB
Peak GPU Memory: 127.94 MB
Epoch 83/100
Robustness Evaluation on ImageNet Easy-10:
→ Mean Confidence: 0.6652
→ Max Confidence: 1.0000
→ Mean Entropy: 0.9304
→ Max Entropy: 2.2004
Robustness Evaluation on cifar_c:
→ Mean Confidence: 0.7184
→ Max Confidence: 1.0000
→ Mean Entropy: 0.7898
→ Max Entropy: 2.1518
Robustness Evaluation on cifar:
→ Mean Confidence: 0.8631
→ Max Confidence: 1.0000
→ Mean Entropy: 0.3910
→ Max Entropy: 2.0543
Train Loss: 128.6391 | Test Acc: 0.8502 | CIFAR-10-C Acc: 0.3579 | Imagenette Acc: 0.0520
Time Taken: 9.25s
Memory Used: -3.04 MB
Peak GPU Memory: 127.94 MB
Epoch 84/100
Robustness Evaluation on ImageNet Easy-10:
→ Mean Confidence: 0.6768
→ Max Confidence: 1.0000
→ Mean Entropy: 0.9021
→ Max Entropy: 2.1059
Robustness Evaluation on cifar_c:
→ Mean Confidence: 0.6991
→ Max Confidence: 1.0000
→ Mean Entropy: 0.8533
→ Max Entropy: 2.0891
Robustness Evaluation on cifar:
→ Mean Confidence: 0.8646
→ Max Confidence: 1.0000
→ Mean Entropy: 0.3887
→ Max Entropy: 1.9901
Train Loss: 128.5055 | Test Acc: 0.8531 | CIFAR-10-C Acc: 0.3495 | Imagenette Acc: 0.0558
Time Taken: 9.30s
Memory Used: 1.01 MB
Peak GPU Memory: 127.94 MB
Epoch 85/100
Robustness Evaluation on ImageNet Easy-10:
→ Mean Confidence: 0.6801
→ Max Confidence: 1.0000
→ Mean Entropy: 0.8926
→ Max Entropy: 2.0644
Robustness Evaluation on cifar_c:
→ Mean Confidence: 0.6935
→ Max Confidence: 1.0000
→ Mean Entropy: 0.8602
→ Max Entropy: 2.1166
Robustness Evaluation on cifar:
→ Mean Confidence: 0.8701
→ Max Confidence: 1.0000
→ Mean Entropy: 0.3751
→ Max Entropy: 2.0911
Train Loss: 128.5753 | Test Acc: 0.8552 | CIFAR-10-C Acc: 0.3772 | Imagenette Acc: 0.0563
Time Taken: 9.21s
Memory Used: -1.52 MB
Peak GPU Memory: 127.94 MB
Epoch 86/100
Robustness Evaluation on ImageNet Easy-10:
→ Mean Confidence: 0.6685
→ Max Confidence: 1.0000
→ Mean Entropy: 0.9232
→ Max Entropy: 2.0924
Robustness Evaluation on cifar_c:
→ Mean Confidence: 0.6846
→ Max Confidence: 1.0000
→ Mean Entropy: 0.8688
→ Max Entropy: 2.0280
Robustness Evaluation on cifar:
→ Mean Confidence: 0.8663
→ Max Confidence: 1.0000
→ Mean Entropy: 0.3840
→ Max Entropy: 2.0570
Train Loss: 128.5063 | Test Acc: 0.8568 | CIFAR-10-C Acc: 0.3480 | Imagenette Acc: 0.0489
Time Taken: 9.26s
Memory Used: 2.53 MB
Peak GPU Memory: 127.94 MB
Epoch 87/100
Robustness Evaluation on ImageNet Easy-10:
→ Mean Confidence: 0.6757
→ Max Confidence: 1.0000
→ Mean Entropy: 0.9020
→ Max Entropy: 2.1295
Robustness Evaluation on cifar_c:
→ Mean Confidence: 0.7206
→ Max Confidence: 1.0000
→ Mean Entropy: 0.7600
→ Max Entropy: 2.0300
Robustness Evaluation on cifar:
→ Mean Confidence: 0.8701
→ Max Confidence: 1.0000
→ Mean Entropy: 0.3730
→ Max Entropy: 2.1028
Train Loss: 128.5733 | Test Acc: 0.8474 | CIFAR-10-C Acc: 0.3676 | Imagenette Acc: 0.0594
Time Taken: 9.30s
Memory Used: 1.01 MB
Peak GPU Memory: 127.94 MB
Epoch 88/100
Robustness Evaluation on ImageNet Easy-10:
→ Mean Confidence: 0.6813
→ Max Confidence: 1.0000
→ Mean Entropy: 0.8814
→ Max Entropy: 2.0711
Robustness Evaluation on cifar_c:
→ Mean Confidence: 0.7135
→ Max Confidence: 1.0000
→ Mean Entropy: 0.7885
→ Max Entropy: 2.0555
Robustness Evaluation on cifar:
→ Mean Confidence: 0.8677
→ Max Confidence: 1.0000
→ Mean Entropy: 0.3778
→ Max Entropy: 2.0970
Train Loss: 128.6270 | Test Acc: 0.8526 | CIFAR-10-C Acc: 0.3557 | Imagenette Acc: 0.0573
Time Taken: 9.25s
Memory Used: -0.51 MB
Peak GPU Memory: 127.94 MB
Epoch 89/100
Robustness Evaluation on ImageNet Easy-10:
→ Mean Confidence: 0.6704
→ Max Confidence: 1.0000
→ Mean Entropy: 0.9183
→ Max Entropy: 2.1580
Robustness Evaluation on cifar_c:
→ Mean Confidence: 0.7533
→ Max Confidence: 1.0000
→ Mean Entropy: 0.7067
→ Max Entropy: 2.0431
Robustness Evaluation on cifar:
→ Mean Confidence: 0.8684
→ Max Confidence: 1.0000
→ Mean Entropy: 0.3789
→ Max Entropy: 1.9714
Train Loss: 128.6260 | Test Acc: 0.8550 | CIFAR-10-C Acc: 0.3113 | Imagenette Acc: 0.0461
Time Taken: 9.27s
Memory Used: -0.51 MB
Peak GPU Memory: 127.94 MB
Epoch 90/100
Robustness Evaluation on ImageNet Easy-10:
→ Mean Confidence: 0.6740
→ Max Confidence: 1.0000
→ Mean Entropy: 0.9065
→ Max Entropy: 2.0638
Robustness Evaluation on cifar_c:
→ Mean Confidence: 0.6985
→ Max Confidence: 1.0000
→ Mean Entropy: 0.8399
→ Max Entropy: 2.1920
Robustness Evaluation on cifar:
→ Mean Confidence: 0.8675
→ Max Confidence: 1.0000
→ Mean Entropy: 0.3804
→ Max Entropy: 2.0391
Train Loss: 128.5538 | Test Acc: 0.8571 | CIFAR-10-C Acc: 0.3726 | Imagenette Acc: 0.0527
Time Taken: 9.27s
Memory Used: 1.01 MB
Peak GPU Memory: 127.94 MB
Epoch 91/100
Robustness Evaluation on ImageNet Easy-10:
→ Mean Confidence: 0.6843
→ Max Confidence: 1.0000
→ Mean Entropy: 0.8748
→ Max Entropy: 2.1505
Robustness Evaluation on cifar_c:
→ Mean Confidence: 0.7370
→ Max Confidence: 1.0000
→ Mean Entropy: 0.7440
→ Max Entropy: 2.1827
Robustness Evaluation on cifar:
→ Mean Confidence: 0.8735
→ Max Confidence: 1.0000
→ Mean Entropy: 0.3617
→ Max Entropy: 2.0525
Train Loss: 128.4952 | Test Acc: 0.8533 | CIFAR-10-C Acc: 0.3688 | Imagenette Acc: 0.0538
Time Taken: 9.29s
Memory Used: 0.00 MB
Peak GPU Memory: 127.94 MB
Epoch 92/100
Robustness Evaluation on ImageNet Easy-10:
→ Mean Confidence: 0.6975
→ Max Confidence: 1.0000
→ Mean Entropy: 0.8485
→ Max Entropy: 2.0908
Robustness Evaluation on cifar_c:
→ Mean Confidence: 0.7231
→ Max Confidence: 1.0000
→ Mean Entropy: 0.7802
→ Max Entropy: 2.0933
Robustness Evaluation on cifar:
→ Mean Confidence: 0.8754
→ Max Confidence: 1.0000
→ Mean Entropy: 0.3567
→ Max Entropy: 2.0821
Train Loss: 128.6102 | Test Acc: 0.8585 | CIFAR-10-C Acc: 0.3253 | Imagenette Acc: 0.0540
Time Taken: 9.29s
Memory Used: -1.52 MB
Peak GPU Memory: 127.94 MB
Epoch 93/100
Robustness Evaluation on ImageNet Easy-10:
→ Mean Confidence: 0.6770
→ Max Confidence: 1.0000
→ Mean Entropy: 0.8947
→ Max Entropy: 2.1296
Robustness Evaluation on cifar_c:
→ Mean Confidence: 0.7620
→ Max Confidence: 1.0000
→ Mean Entropy: 0.6662
→ Max Entropy: 2.0343
Robustness Evaluation on cifar:
→ Mean Confidence: 0.8698
→ Max Confidence: 1.0000
→ Mean Entropy: 0.3722
→ Max Entropy: 2.0509
Train Loss: 128.5785 | Test Acc: 0.8573 | CIFAR-10-C Acc: 0.2736 | Imagenette Acc: 0.0530
Time Taken: 9.28s
Memory Used: 0.51 MB
Peak GPU Memory: 127.94 MB
Epoch 94/100
Robustness Evaluation on ImageNet Easy-10:
→ Mean Confidence: 0.6945
→ Max Confidence: 1.0000
→ Mean Entropy: 0.8527
→ Max Entropy: 2.0812
Robustness Evaluation on cifar_c:
→ Mean Confidence: 0.7288
→ Max Confidence: 1.0000
→ Mean Entropy: 0.7624
→ Max Entropy: 2.0953
Robustness Evaluation on cifar:
→ Mean Confidence: 0.8733
→ Max Confidence: 1.0000
→ Mean Entropy: 0.3626
→ Max Entropy: 1.9679
Train Loss: 128.5585 | Test Acc: 0.8584 | CIFAR-10-C Acc: 0.3322 | Imagenette Acc: 0.0487
Time Taken: 9.26s
Memory Used: -2.53 MB
Peak GPU Memory: 127.94 MB
Epoch 95/100
Robustness Evaluation on ImageNet Easy-10:
→ Mean Confidence: 0.6759
→ Max Confidence: 1.0000
→ Mean Entropy: 0.8954
→ Max Entropy: 2.1299
Robustness Evaluation on cifar_c:
→ Mean Confidence: 0.7381
→ Max Confidence: 1.0000
→ Mean Entropy: 0.7283
→ Max Entropy: 2.1511
Robustness Evaluation on cifar:
→ Mean Confidence: 0.8749
→ Max Confidence: 1.0000
→ Mean Entropy: 0.3578
→ Max Entropy: 1.8822
Train Loss: 128.5221 | Test Acc: 0.8588 | CIFAR-10-C Acc: 0.3703 | Imagenette Acc: 0.0586
Time Taken: 9.33s
Memory Used: -0.51 MB
Peak GPU Memory: 127.94 MB
Epoch 96/100
Robustness Evaluation on ImageNet Easy-10:
→ Mean Confidence: 0.6826
→ Max Confidence: 1.0000
→ Mean Entropy: 0.8857
→ Max Entropy: 2.1426
Robustness Evaluation on cifar_c:
→ Mean Confidence: 0.7471
→ Max Confidence: 1.0000
→ Mean Entropy: 0.7326
→ Max Entropy: 2.0838
Robustness Evaluation on cifar:
→ Mean Confidence: 0.8739
→ Max Confidence: 1.0000
→ Mean Entropy: 0.3616
→ Max Entropy: 2.0896
Train Loss: 128.4997 | Test Acc: 0.8549 | CIFAR-10-C Acc: 0.3168 | Imagenette Acc: 0.0471
Time Taken: 9.29s
Memory Used: 3.54 MB
Peak GPU Memory: 127.94 MB
Epoch 97/100
Robustness Evaluation on ImageNet Easy-10:
→ Mean Confidence: 0.6787
→ Max Confidence: 1.0000
→ Mean Entropy: 0.8920
→ Max Entropy: 2.1237
Robustness Evaluation on cifar_c:
→ Mean Confidence: 0.7113
→ Max Confidence: 1.0000
→ Mean Entropy: 0.7689
→ Max Entropy: 2.0473
Robustness Evaluation on cifar:
→ Mean Confidence: 0.8726
→ Max Confidence: 1.0000
→ Mean Entropy: 0.3654
→ Max Entropy: 1.9283
Train Loss: 128.5397 | Test Acc: 0.8614 | CIFAR-10-C Acc: 0.3171 | Imagenette Acc: 0.0573
Time Taken: 9.26s
Memory Used: -1.01 MB
Peak GPU Memory: 127.94 MB
Epoch 98/100
Robustness Evaluation on ImageNet Easy-10:
→ Mean Confidence: 0.7007
→ Max Confidence: 1.0000
→ Mean Entropy: 0.8320
→ Max Entropy: 2.1143
Robustness Evaluation on cifar_c:
→ Mean Confidence: 0.7585
→ Max Confidence: 1.0000
→ Mean Entropy: 0.6763
→ Max Entropy: 2.1440
Robustness Evaluation on cifar:
→ Mean Confidence: 0.8756
→ Max Confidence: 1.0000
→ Mean Entropy: 0.3566
→ Max Entropy: 2.0677
Train Loss: 128.6938 | Test Acc: 0.8598 | CIFAR-10-C Acc: 0.3484 | Imagenette Acc: 0.0497
Time Taken: 9.23s
Memory Used: 1.52 MB
Peak GPU Memory: 127.94 MB
Epoch 99/100
Robustness Evaluation on ImageNet Easy-10:
→ Mean Confidence: 0.6888
→ Max Confidence: 1.0000
→ Mean Entropy: 0.8701
→ Max Entropy: 2.0493
Robustness Evaluation on cifar_c:
→ Mean Confidence: 0.7036
→ Max Confidence: 1.0000
→ Mean Entropy: 0.8212
→ Max Entropy: 2.0759
Robustness Evaluation on cifar:
→ Mean Confidence: 0.8723
→ Max Confidence: 1.0000
→ Mean Entropy: 0.3643
→ Max Entropy: 2.1213
Train Loss: 128.6513 | Test Acc: 0.8631 | CIFAR-10-C Acc: 0.3906 | Imagenette Acc: 0.0527
Time Taken: 9.33s
Memory Used: -2.53 MB
Peak GPU Memory: 127.94 MB
Epoch 100/100
Robustness Evaluation on ImageNet Easy-10:
→ Mean Confidence: 0.6820
→ Max Confidence: 1.0000
→ Mean Entropy: 0.8799
→ Max Entropy: 2.1035
Robustness Evaluation on cifar_c:
→ Mean Confidence: 0.7332
→ Max Confidence: 1.0000
→ Mean Entropy: 0.7488
→ Max Entropy: 2.0427
Robustness Evaluation on cifar:
→ Mean Confidence: 0.8737
→ Max Confidence: 1.0000
→ Mean Entropy: 0.3602
→ Max Entropy: 2.0198
Train Loss: 128.5308 | Test Acc: 0.8602 | CIFAR-10-C Acc: 0.3572 | Imagenette Acc: 0.0530
Time Taken: 9.25s
Memory Used: 2.53 MB
Peak GPU Memory: 127.94 MB
